Library/Bee/Android/Prj/Mono2x/Gradle/launcher/build/intermediates/manifest_merge_blame_file/release/manifest-merger-blame-release-report.txt
1<?xml version="1.0" encoding="utf-8"?>
2<manifest xmlns:android="http://schemas.android.com/apk/res/android"
3    package="com.DefaultCompany.com.unity.template.mobile2D"
4    android:installLocation="preferExternal"
5    android:versionCode="1"
6    android:versionName="1.0.2" >
7
8    <uses-sdk
9        android:minSdkVersion="22"
9-->src\main\AndroidManifest.xml
10        android:targetSdkVersion="33" />
10-->src\main\AndroidManifest.xml
11
12    <supports-screens
12-->src\main\AndroidManifest.xml:4:3-163
13        android:anyDensity="true"
13-->src\main\AndroidManifest.xml:4:135-160
14        android:largeScreens="true"
14-->src\main\AndroidManifest.xml:4:78-105
15        android:normalScreens="true"
15-->src\main\AndroidManifest.xml:4:49-77
16        android:smallScreens="true"
16-->src\main\AndroidManifest.xml:4:21-48
17        android:xlargeScreens="true" />
17-->src\main\AndroidManifest.xml:4:106-134
18
19    <uses-permission android:name="android.permission.INTERNET" />
19-->[:unityLibrary] AndroidManifest.xml:10:5-67
19-->[:unityLibrary] AndroidManifest.xml:10:22-64
20
21    <uses-feature android:glEsVersion="0x00030000" />
21-->[:unityLibrary] AndroidManifest.xml:12:5-54
21-->[:unityLibrary] AndroidManifest.xml:12:19-51
22    <uses-feature
22-->[:unityLibrary] AndroidManifest.xml:13:5-15:36
23        android:name="android.hardware.vulkan.version"
23-->[:unityLibrary] AndroidManifest.xml:14:9-55
24        android:required="false" />
24-->[:unityLibrary] AndroidManifest.xml:15:9-33
25    <uses-feature
25-->[:unityLibrary] AndroidManifest.xml:16:5-18:36
26        android:name="android.hardware.touchscreen"
26-->[:unityLibrary] AndroidManifest.xml:17:9-52
27        android:required="false" />
27-->[:unityLibrary] AndroidManifest.xml:18:9-33
28    <uses-feature
28-->[:unityLibrary] AndroidManifest.xml:19:5-21:36
29        android:name="android.hardware.touchscreen.multitouch"
29-->[:unityLibrary] AndroidManifest.xml:20:9-63
30        android:required="false" />
30-->[:unityLibrary] AndroidManifest.xml:21:9-33
31    <uses-feature
31-->[:unityLibrary] AndroidManifest.xml:22:5-24:36
32        android:name="android.hardware.touchscreen.multitouch.distinct"
32-->[:unityLibrary] AndroidManifest.xml:23:9-72
33        android:required="false" />
33-->[:unityLibrary] AndroidManifest.xml:24:9-33
34
35    <uses-permission android:name="android.permission.POST_NOTIFICATIONS" />
35-->[:unityLibrary:mobilenotifications.androidlib] AndroidManifest.xml:9:5-77
35-->[:unityLibrary:mobilenotifications.androidlib] AndroidManifest.xml:9:22-74
36    <uses-permission android:name="android.permission.RECEIVE_BOOT_COMPLETED" />
36-->[:unityLibrary:mobilenotifications.androidlib] AndroidManifest.xml:10:5-81
36-->[:unityLibrary:mobilenotifications.androidlib] AndroidManifest.xml:10:22-78
37    <uses-permission android:name="android.permission.SCHEDULE_EXACT_ALARM" />
37-->[:unityLibrary:mobilenotifications.androidlib] AndroidManifest.xml:11:5-79
37-->[:unityLibrary:mobilenotifications.androidlib] AndroidManifest.xml:11:22-76
38
39    <application
39-->src\main\AndroidManifest.xml:3:3-83
40        android:extractNativeLibs="true"
40-->[:unityLibrary] AndroidManifest.xml:26:18-50
41        android:icon="@mipmap/app_icon"
41-->src\main\AndroidManifest.xml:3:49-80
42        android:label="@string/app_name" >
42-->src\main\AndroidManifest.xml:3:16-48
43        <meta-data
43-->[:unityLibrary] AndroidManifest.xml:27:9-29:33
44            android:name="unity.splash-mode"
44-->[:unityLibrary] AndroidManifest.xml:28:13-45
45            android:value="0" />
45-->[:unityLibrary] AndroidManifest.xml:29:13-30
46        <meta-data
46-->[:unityLibrary] AndroidManifest.xml:30:9-32:36
47            android:name="unity.splash-enable"
47-->[:unityLibrary] AndroidManifest.xml:31:13-47
48            android:value="True" />
48-->[:unityLibrary] AndroidManifest.xml:32:13-33
49        <meta-data
49-->[:unityLibrary] AndroidManifest.xml:33:9-35:36
50            android:name="unity.launch-fullscreen"
50-->[:unityLibrary] AndroidManifest.xml:34:13-51
51            android:value="True" />
51-->[:unityLibrary] AndroidManifest.xml:35:13-33
52        <meta-data
52-->[:unityLibrary] AndroidManifest.xml:36:9-38:37
53            android:name="unity.allow-resizable-window"
53-->[:unityLibrary] AndroidManifest.xml:37:13-56
54            android:value="False" />
54-->[:unityLibrary] AndroidManifest.xml:38:13-34
55        <meta-data
55-->[:unityLibrary] AndroidManifest.xml:39:9-41:50
56            android:name="notch.config"
56-->[:unityLibrary] AndroidManifest.xml:40:13-40
57            android:value="portrait|landscape" />
57-->[:unityLibrary] AndroidManifest.xml:41:13-47
58        <meta-data
58-->[:unityLibrary] AndroidManifest.xml:42:9-44:36
59            android:name="unity.auto-report-fully-drawn"
59-->[:unityLibrary] AndroidManifest.xml:43:13-57
60            android:value="true" />
60-->[:unityLibrary] AndroidManifest.xml:44:13-33
61
62        <activity
62-->[:unityLibrary] AndroidManifest.xml:46:9-67:20
63            android:name="com.unity3d.player.UnityPlayerActivity"
63-->[:unityLibrary] AndroidManifest.xml:47:13-66
64            android:configChanges="mcc|mnc|locale|touchscreen|keyboard|keyboardHidden|navigation|orientation|screenLayout|uiMode|screenSize|smallestScreenSize|fontScale|layoutDirection|density"
64-->[:unityLibrary] AndroidManifest.xml:48:13-194
65            android:exported="true"
65-->[:unityLibrary] AndroidManifest.xml:49:13-36
66            android:hardwareAccelerated="false"
66-->[:unityLibrary] AndroidManifest.xml:50:13-48
67            android:launchMode="singleTask"
67-->[:unityLibrary] AndroidManifest.xml:51:13-44
68            android:resizeableActivity="false"
68-->[:unityLibrary] AndroidManifest.xml:52:13-47
69            android:screenOrientation="userLandscape"
69-->[:unityLibrary] AndroidManifest.xml:53:13-54
70            android:theme="@style/UnityThemeSelector" >
70-->[:unityLibrary] AndroidManifest.xml:54:13-54
71            <intent-filter>
71-->[:unityLibrary] AndroidManifest.xml:55:13-59:29
72                <category android:name="android.intent.category.LAUNCHER" />
72-->[:unityLibrary] AndroidManifest.xml:56:17-77
72-->[:unityLibrary] AndroidManifest.xml:56:27-74
73
74                <action android:name="android.intent.action.MAIN" />
74-->[:unityLibrary] AndroidManifest.xml:58:17-69
74-->[:unityLibrary] AndroidManifest.xml:58:25-66
75            </intent-filter>
76
77            <meta-data
77-->[:unityLibrary] AndroidManifest.xml:61:13-63:40
78                android:name="unityplayer.UnityActivity"
78-->[:unityLibrary] AndroidManifest.xml:62:17-57
79                android:value="true" />
79-->[:unityLibrary] AndroidManifest.xml:63:17-37
80            <meta-data
80-->[:unityLibrary] AndroidManifest.xml:64:13-66:40
81                android:name="notch_support"
81-->[:unityLibrary] AndroidManifest.xml:65:17-45
82                android:value="true" />
82-->[:unityLibrary] AndroidManifest.xml:66:17-37
83        </activity>
84
85        <receiver
85-->[:unityLibrary:mobilenotifications.androidlib] AndroidManifest.xml:14:9-16:40
86            android:name="com.unity.androidnotifications.UnityNotificationManager"
86-->[:unityLibrary:mobilenotifications.androidlib] AndroidManifest.xml:15:13-83
87            android:exported="false" />
87-->[:unityLibrary:mobilenotifications.androidlib] AndroidManifest.xml:16:13-37
88        <receiver
88-->[:unityLibrary:mobilenotifications.androidlib] AndroidManifest.xml:17:9-24:20
89            android:name="com.unity.androidnotifications.UnityNotificationRestartReceiver"
89-->[:unityLibrary:mobilenotifications.androidlib] AndroidManifest.xml:18:13-91
90            android:enabled="false"
90-->[:unityLibrary:mobilenotifications.androidlib] AndroidManifest.xml:19:13-36
91            android:exported="false" >
91-->[:unityLibrary:mobilenotifications.androidlib] AndroidManifest.xml:20:13-37
92            <intent-filter>
92-->[:unityLibrary:mobilenotifications.androidlib] AndroidManifest.xml:21:13-23:29
93                <action android:name="android.intent.action.BOOT_COMPLETED" />
93-->[:unityLibrary:mobilenotifications.androidlib] AndroidManifest.xml:22:17-79
93-->[:unityLibrary:mobilenotifications.androidlib] AndroidManifest.xml:22:25-76
94            </intent-filter>
95        </receiver>
96
97        <meta-data
97-->[:unityLibrary:mobilenotifications.androidlib] AndroidManifest.xml:26:9-28:36
98            android:name="reschedule_notifications_on_restart"
98-->[:unityLibrary:mobilenotifications.androidlib] AndroidManifest.xml:27:13-63
99            android:value="true" />
99-->[:unityLibrary:mobilenotifications.androidlib] AndroidManifest.xml:28:13-33
100        <meta-data
100-->[:unityLibrary:mobilenotifications.androidlib] AndroidManifest.xml:29:9-31:33
101            android:name="com.unity.androidnotifications.exact_scheduling"
101-->[:unityLibrary:mobilenotifications.androidlib] AndroidManifest.xml:30:13-75
102            android:value="0" />
102-->[:unityLibrary:mobilenotifications.androidlib] AndroidManifest.xml:31:13-30
103    </application>
104
105</manifest>